2016-07-10 12:09:46.035 [info] <0.7.0> Application lager started on node 'zotonic001@ub2-virtual-machine'
2016-07-10 12:09:46.134 [info] <0.7.0> Application setup started on node 'zotonic001@ub2-virtual-machine'
2016-07-10 12:09:46.135 [error] <0.126.0> Unable to read boot script (start_sasl.script): {error,enoent}
2016-07-10 12:09:46.223 [info] <0.135.0>@exometer_report:do_start_reporters:632 Starting reporters with []
2016-07-10 12:09:46.224 [info] <0.7.0> Application exometer_core started on node 'zotonic001@ub2-virtual-machine'
2016-07-10 12:09:46.230 [info] <0.7.0> Application exometer started on node 'zotonic001@ub2-virtual-machine'
2016-07-10 12:09:46.233 [info] <0.7.0> Application depcache started on node 'zotonic001@ub2-virtual-machine'
2016-07-10 12:09:46.256 [info] <0.7.0> Application mimetypes started on node 'zotonic001@ub2-virtual-machine'
2016-07-10 12:09:46.419 [info] <0.7.0> Application inets started on node 'zotonic001@ub2-virtual-machine'
2016-07-10 12:09:46.473 [info] <0.7.0> Application asn1 started on node 'zotonic001@ub2-virtual-machine'
2016-07-10 12:09:46.474 [info] <0.7.0> Application public_key started on node 'zotonic001@ub2-virtual-machine'
2016-07-10 12:09:46.496 [info] <0.7.0> Application ssl started on node 'zotonic001@ub2-virtual-machine'
2016-07-10 12:09:46.532 [info] <0.7.0> Application xmerl started on node 'zotonic001@ub2-virtual-machine'
2016-07-10 12:09:46.533 [info] <0.7.0> Application mochiweb started on node 'zotonic001@ub2-virtual-machine'
2016-07-10 12:09:46.573 [info] <0.7.0> Application sendfile started on node 'zotonic001@ub2-virtual-machine'
2016-07-10 12:09:46.700 [info] <0.7.0> Application webzmachine started on node 'zotonic001@ub2-virtual-machine'
2016-07-10 12:09:46.714 [info] <0.7.0> Application z_stdlib started on node 'zotonic001@ub2-virtual-machine'
2016-07-10 12:09:46.728 [info] <0.7.0> Application poolboy started on node 'zotonic001@ub2-virtual-machine'
2016-07-10 12:09:46.775 [info] <0.7.0> Application jobs started on node 'zotonic001@ub2-virtual-machine'
2016-07-10 12:09:46.824 [info] <0.7.0> Application gproc started on node 'zotonic001@ub2-virtual-machine'
2016-07-10 12:09:46.874 [info] <0.211.0> filezcache: repopulating cache with 0 keys
2016-07-10 12:09:46.874 [info] <0.211.0> filezcache: scanning cache directory for unknown files.
2016-07-10 12:09:46.879 [info] <0.7.0> Application filezcache started on node 'zotonic001@ub2-virtual-machine'
2016-07-10 12:09:46.907 [info] <0.7.0> Application s3filez started on node 'zotonic001@ub2-virtual-machine'
2016-07-10 12:09:46.920 [info] <0.7.0> Application erlang_localtime started on node 'zotonic001@ub2-virtual-machine'
2016-07-10 12:09:46.933 [info] <0.7.0> Application cf started on node 'zotonic001@ub2-virtual-machine'
2016-07-10 12:09:46.934 [info] <0.7.0> Application erlware_commons started on node 'zotonic001@ub2-virtual-machine'
2016-07-10 12:09:46.935 [info] <0.7.0> Application qdate started on node 'zotonic001@ub2-virtual-machine'
2016-07-10 12:09:47.078 [info] <0.229.0>@emqtt_app:start:35 starting emqtt on node 'zotonic001@ub2-virtual-machine'
2016-07-10 12:09:47.122 [info] <0.231.0>@emqtt_auth:init:55 emqtt_auth is started
2016-07-10 12:09:47.126 [info] <0.232.0>@emqtt_retained:init:89 emqtt_retained is started.
2016-07-10 12:09:47.130 [info] <0.233.0>@emqtt_router:init:121 emqtt_router is started.
2016-07-10 12:09:47.135 [info] <0.234.0>@emqtt_registry:init:56 emqtt_registry is started.
2016-07-10 12:09:47.138 [info] <0.235.0>@emqtt_client_monitor:init:46 emqtt_client_monitor is started.
2016-07-10 12:09:47.147 [info] <0.229.0>@emqtt_app:start:38 emqtt broker is running now.
2016-07-10 12:09:47.148 [info] <0.7.0> Application emqtt started on node 'zotonic001@ub2-virtual-machine'
2016-07-10 12:09:47.495 [info] <0.251.0> gen_smtp_server starting at 'zotonic001@ub2-virtual-machine'
2016-07-10 12:09:47.499 [info] <0.251.0> gen_smtp_server listening on {127,0,0,1}:2525 via tcp
2016-07-10 12:09:47.899 [info] <0.254.0>@z_sites_manager:handle_cast:262 Site started: zotonic_status (<0.257.0>)
2016-07-10 12:09:48.024 [error] <0.281.0>@z_filewatcher_sup:which_watcher:58 FILEWATCHER: please install fswatch or inotify-tools to automatically load changed files
2016-07-10 12:09:48.535 [info] <0.7.0> Application zotonic started on node 'zotonic001@ub2-virtual-machine'
2016-07-10 12:09:51.423 [info] <0.242.0>@zotonic_sup:init:164 
2016-07-10 12:09:51.424 [info] <0.242.0>@zotonic_sup:init:165 Zotonic started
2016-07-10 12:09:51.424 [info] <0.242.0>@zotonic_sup:init:166 ===============
2016-07-10 12:09:51.424 [info] <0.242.0>@zotonic_sup:init:167 Config files used:
2016-07-10 12:09:51.424 [info] <0.242.0>@zotonic_sup:init:168 - /root/.zotonic/0/erlang.config
2016-07-10 12:09:51.424 [info] <0.242.0>@zotonic_sup:init:168 - /root/.zotonic/0/zotonic.config
2016-07-10 12:09:51.424 [info] <0.242.0>@zotonic_sup:init:169 
2016-07-10 12:09:51.424 [info] <0.242.0>@zotonic_sup:init:178 Web server listening on IPv4 any:8000, SSL :8443
2016-07-10 12:09:51.424 [info] <0.242.0>@zotonic_sup:init:185 
2016-07-10 12:47:49.146 [info] <0.7.0> Application lager started on node 'zotonic001@ub2-virtual-machine'
2016-07-10 12:47:49.211 [info] <0.7.0> Application setup started on node 'zotonic001@ub2-virtual-machine'
2016-07-10 12:47:49.212 [error] <0.127.0> Unable to read boot script (start_sasl.script): {error,enoent}
2016-07-10 12:47:49.299 [info] <0.136.0>@exometer_report:do_start_reporters:632 Starting reporters with []
2016-07-10 12:47:49.300 [info] <0.7.0> Application exometer_core started on node 'zotonic001@ub2-virtual-machine'
2016-07-10 12:47:49.305 [info] <0.7.0> Application exometer started on node 'zotonic001@ub2-virtual-machine'
2016-07-10 12:47:49.308 [info] <0.7.0> Application depcache started on node 'zotonic001@ub2-virtual-machine'
2016-07-10 12:47:49.323 [info] <0.7.0> Application mimetypes started on node 'zotonic001@ub2-virtual-machine'
2016-07-10 12:47:49.418 [info] <0.7.0> Application inets started on node 'zotonic001@ub2-virtual-machine'
2016-07-10 12:47:49.466 [info] <0.7.0> Application asn1 started on node 'zotonic001@ub2-virtual-machine'
2016-07-10 12:47:49.467 [info] <0.7.0> Application public_key started on node 'zotonic001@ub2-virtual-machine'
2016-07-10 12:47:49.492 [info] <0.7.0> Application ssl started on node 'zotonic001@ub2-virtual-machine'
2016-07-10 12:47:49.504 [info] <0.7.0> Application xmerl started on node 'zotonic001@ub2-virtual-machine'
2016-07-10 12:47:49.505 [info] <0.7.0> Application mochiweb started on node 'zotonic001@ub2-virtual-machine'
2016-07-10 12:47:49.535 [info] <0.7.0> Application sendfile started on node 'zotonic001@ub2-virtual-machine'
2016-07-10 12:47:49.691 [info] <0.7.0> Application webzmachine started on node 'zotonic001@ub2-virtual-machine'
2016-07-10 12:47:49.707 [info] <0.7.0> Application z_stdlib started on node 'zotonic001@ub2-virtual-machine'
2016-07-10 12:47:49.742 [info] <0.7.0> Application poolboy started on node 'zotonic001@ub2-virtual-machine'
2016-07-10 12:47:49.769 [info] <0.7.0> Application jobs started on node 'zotonic001@ub2-virtual-machine'
2016-07-10 12:47:49.813 [info] <0.7.0> Application gproc started on node 'zotonic001@ub2-virtual-machine'
2016-07-10 12:47:49.832 [info] <0.207.0> filezcache: repopulating cache with 0 keys
2016-07-10 12:47:49.832 [info] <0.207.0> filezcache: scanning cache directory for unknown files.
2016-07-10 12:47:49.836 [info] <0.7.0> Application filezcache started on node 'zotonic001@ub2-virtual-machine'
2016-07-10 12:47:49.875 [info] <0.7.0> Application s3filez started on node 'zotonic001@ub2-virtual-machine'
2016-07-10 12:47:49.891 [info] <0.7.0> Application erlang_localtime started on node 'zotonic001@ub2-virtual-machine'
2016-07-10 12:47:49.905 [info] <0.7.0> Application cf started on node 'zotonic001@ub2-virtual-machine'
2016-07-10 12:47:49.906 [info] <0.7.0> Application erlware_commons started on node 'zotonic001@ub2-virtual-machine'
2016-07-10 12:47:49.907 [info] <0.7.0> Application qdate started on node 'zotonic001@ub2-virtual-machine'
2016-07-10 12:47:50.074 [info] <0.225.0>@emqtt_app:start:35 starting emqtt on node 'zotonic001@ub2-virtual-machine'
2016-07-10 12:47:50.114 [info] <0.227.0>@emqtt_auth:init:55 emqtt_auth is started
2016-07-10 12:47:50.126 [info] <0.228.0>@emqtt_retained:init:89 emqtt_retained is started.
2016-07-10 12:47:50.130 [info] <0.229.0>@emqtt_router:init:121 emqtt_router is started.
2016-07-10 12:47:50.135 [info] <0.230.0>@emqtt_registry:init:56 emqtt_registry is started.
2016-07-10 12:47:50.139 [info] <0.231.0>@emqtt_client_monitor:init:46 emqtt_client_monitor is started.
2016-07-10 12:47:50.149 [info] <0.225.0>@emqtt_app:start:38 emqtt broker is running now.
2016-07-10 12:47:50.150 [info] <0.7.0> Application emqtt started on node 'zotonic001@ub2-virtual-machine'
2016-07-10 12:47:50.425 [info] <0.242.0> gen_smtp_server starting at 'zotonic001@ub2-virtual-machine'
2016-07-10 12:47:50.428 [info] <0.242.0> gen_smtp_server listening on {127,0,0,1}:2525 via tcp
2016-07-10 12:47:50.910 [info] <0.245.0>@z_sites_manager:handle_cast:262 Site started: zotonic_status (<0.248.0>)
2016-07-10 12:47:51.062 [error] <0.272.0>@z_filewatcher_sup:which_watcher:58 FILEWATCHER: please install fswatch or inotify-tools to automatically load changed files
2016-07-10 12:47:51.989 [info] <0.7.0> Application zotonic started on node 'zotonic001@ub2-virtual-machine'
2016-07-10 12:47:54.373 [info] <0.238.0>@zotonic_sup:init:164 
2016-07-10 12:47:54.373 [info] <0.238.0>@zotonic_sup:init:165 Zotonic started
2016-07-10 12:47:54.373 [info] <0.238.0>@zotonic_sup:init:166 ===============
2016-07-10 12:47:54.373 [info] <0.238.0>@zotonic_sup:init:167 Config files used:
2016-07-10 12:47:54.374 [info] <0.238.0>@zotonic_sup:init:168 - /root/.zotonic/0/erlang.config
2016-07-10 12:47:54.374 [info] <0.238.0>@zotonic_sup:init:168 - /root/.zotonic/0/zotonic.config
2016-07-10 12:47:54.374 [info] <0.238.0>@zotonic_sup:init:169 
2016-07-10 12:47:54.374 [info] <0.238.0>@zotonic_sup:init:178 Web server listening on IPv4 any:8000, SSL :8443
2016-07-10 12:47:54.374 [info] <0.238.0>@zotonic_sup:init:185 
2016-07-10 12:48:11.921 [info] <0.296.0>@z_transport:maybe_set_page_session:369 PageId without page session (session_id undefined)
2016-07-10 12:48:12.037 [info] <0.296.0>@z_transport:maybe_set_page_session:369 PageId without page session (session_id undefined)
2016-07-10 12:49:12.486 [error] <0.282.0> {mochiweb_socket_server,307,{acceptor_error,killed}}
2016-07-10 12:57:07.453 [info] <0.7.0> Application lager started on node 'zotonic001@ub2-virtual-machine'
2016-07-10 12:57:07.506 [info] <0.7.0> Application setup started on node 'zotonic001@ub2-virtual-machine'
2016-07-10 12:57:07.506 [error] <0.127.0> Unable to read boot script (start_sasl.script): {error,enoent}
2016-07-10 12:57:07.627 [info] <0.136.0>@exometer_report:do_start_reporters:632 Starting reporters with []
2016-07-10 12:57:07.627 [info] <0.7.0> Application exometer_core started on node 'zotonic001@ub2-virtual-machine'
2016-07-10 12:57:07.631 [info] <0.7.0> Application exometer started on node 'zotonic001@ub2-virtual-machine'
2016-07-10 12:57:07.647 [info] <0.7.0> Application depcache started on node 'zotonic001@ub2-virtual-machine'
2016-07-10 12:57:07.678 [info] <0.7.0> Application mimetypes started on node 'zotonic001@ub2-virtual-machine'
2016-07-10 12:57:07.808 [info] <0.7.0> Application inets started on node 'zotonic001@ub2-virtual-machine'
2016-07-10 12:57:07.883 [info] <0.7.0> Application asn1 started on node 'zotonic001@ub2-virtual-machine'
2016-07-10 12:57:07.883 [info] <0.7.0> Application public_key started on node 'zotonic001@ub2-virtual-machine'
2016-07-10 12:57:07.915 [info] <0.7.0> Application ssl started on node 'zotonic001@ub2-virtual-machine'
2016-07-10 12:57:07.975 [info] <0.7.0> Application xmerl started on node 'zotonic001@ub2-virtual-machine'
2016-07-10 12:57:07.975 [info] <0.7.0> Application mochiweb started on node 'zotonic001@ub2-virtual-machine'
2016-07-10 12:57:08.048 [info] <0.7.0> Application sendfile started on node 'zotonic001@ub2-virtual-machine'
2016-07-10 12:57:08.187 [info] <0.7.0> Application webzmachine started on node 'zotonic001@ub2-virtual-machine'
2016-07-10 12:57:08.202 [info] <0.7.0> Application z_stdlib started on node 'zotonic001@ub2-virtual-machine'
2016-07-10 12:57:08.216 [info] <0.7.0> Application poolboy started on node 'zotonic001@ub2-virtual-machine'
2016-07-10 12:57:08.263 [info] <0.7.0> Application jobs started on node 'zotonic001@ub2-virtual-machine'
2016-07-10 12:57:08.297 [info] <0.7.0> Application gproc started on node 'zotonic001@ub2-virtual-machine'
2016-07-10 12:57:08.313 [info] <0.207.0> filezcache: repopulating cache with 0 keys
2016-07-10 12:57:08.313 [info] <0.207.0> filezcache: scanning cache directory for unknown files.
2016-07-10 12:57:08.316 [info] <0.7.0> Application filezcache started on node 'zotonic001@ub2-virtual-machine'
2016-07-10 12:57:08.347 [info] <0.7.0> Application s3filez started on node 'zotonic001@ub2-virtual-machine'
2016-07-10 12:57:08.371 [info] <0.7.0> Application erlang_localtime started on node 'zotonic001@ub2-virtual-machine'
2016-07-10 12:57:08.378 [info] <0.7.0> Application cf started on node 'zotonic001@ub2-virtual-machine'
2016-07-10 12:57:08.378 [info] <0.7.0> Application erlware_commons started on node 'zotonic001@ub2-virtual-machine'
2016-07-10 12:57:08.378 [info] <0.7.0> Application qdate started on node 'zotonic001@ub2-virtual-machine'
2016-07-10 12:57:08.536 [info] <0.225.0>@emqtt_app:start:35 starting emqtt on node 'zotonic001@ub2-virtual-machine'
2016-07-10 12:57:08.574 [info] <0.227.0>@emqtt_auth:init:55 emqtt_auth is started
2016-07-10 12:57:08.593 [info] <0.228.0>@emqtt_retained:init:89 emqtt_retained is started.
2016-07-10 12:57:08.605 [info] <0.229.0>@emqtt_router:init:121 emqtt_router is started.
2016-07-10 12:57:08.608 [info] <0.230.0>@emqtt_registry:init:56 emqtt_registry is started.
2016-07-10 12:57:08.611 [info] <0.231.0>@emqtt_client_monitor:init:46 emqtt_client_monitor is started.
2016-07-10 12:57:08.618 [info] <0.225.0>@emqtt_app:start:38 emqtt broker is running now.
2016-07-10 12:57:08.618 [info] <0.7.0> Application emqtt started on node 'zotonic001@ub2-virtual-machine'
2016-07-10 12:57:08.922 [info] <0.242.0> gen_smtp_server starting at 'zotonic001@ub2-virtual-machine'
2016-07-10 12:57:08.925 [info] <0.242.0> gen_smtp_server listening on {127,0,0,1}:2525 via tcp
2016-07-10 12:57:09.355 [info] <0.245.0>@z_sites_manager:handle_cast:262 Site started: zotonic_status (<0.248.0>)
2016-07-10 12:57:09.446 [error] <0.272.0>@z_filewatcher_sup:which_watcher:58 FILEWATCHER: please install fswatch or inotify-tools to automatically load changed files
2016-07-10 12:57:10.234 [info] <0.7.0> Application zotonic started on node 'zotonic001@ub2-virtual-machine'
2016-07-10 12:57:12.870 [info] <0.238.0>@zotonic_sup:init:164 
2016-07-10 12:57:12.870 [info] <0.238.0>@zotonic_sup:init:165 Zotonic started
2016-07-10 12:57:12.870 [info] <0.238.0>@zotonic_sup:init:166 ===============
2016-07-10 12:57:12.870 [info] <0.238.0>@zotonic_sup:init:167 Config files used:
2016-07-10 12:57:12.870 [info] <0.238.0>@zotonic_sup:init:168 - /home/ub2/.zotonic/0/erlang.config
2016-07-10 12:57:12.870 [info] <0.238.0>@zotonic_sup:init:168 - /home/ub2/.zotonic/0/zotonic.config
2016-07-10 12:57:12.870 [info] <0.238.0>@zotonic_sup:init:169 
2016-07-10 12:57:12.870 [info] <0.238.0>@zotonic_sup:init:178 Web server listening on IPv4 any:8000, SSL :8443
2016-07-10 12:57:12.871 [info] <0.238.0>@zotonic_sup:init:185 
2016-07-10 13:41:43.976 [info] <0.7.0> Application lager started on node 'zotonic001@ub2-virtual-machine'
2016-07-10 13:41:44.000 [info] <0.7.0> Application setup started on node 'zotonic001@ub2-virtual-machine'
2016-07-10 13:41:44.001 [error] <0.125.0> Unable to read boot script (start_sasl.script): {error,enoent}
2016-07-10 13:41:44.105 [info] <0.134.0>@exometer_report:do_start_reporters:632 Starting reporters with []
2016-07-10 13:41:44.105 [info] <0.7.0> Application exometer_core started on node 'zotonic001@ub2-virtual-machine'
2016-07-10 13:41:44.109 [info] <0.7.0> Application exometer started on node 'zotonic001@ub2-virtual-machine'
2016-07-10 13:41:44.112 [info] <0.7.0> Application depcache started on node 'zotonic001@ub2-virtual-machine'
2016-07-10 13:41:44.131 [info] <0.7.0> Application mimetypes started on node 'zotonic001@ub2-virtual-machine'
2016-07-10 13:41:44.219 [info] <0.7.0> Application inets started on node 'zotonic001@ub2-virtual-machine'
2016-07-10 13:41:44.250 [info] <0.7.0> Application asn1 started on node 'zotonic001@ub2-virtual-machine'
2016-07-10 13:41:44.251 [info] <0.7.0> Application public_key started on node 'zotonic001@ub2-virtual-machine'
2016-07-10 13:41:44.273 [info] <0.7.0> Application ssl started on node 'zotonic001@ub2-virtual-machine'
2016-07-10 13:41:44.288 [info] <0.7.0> Application xmerl started on node 'zotonic001@ub2-virtual-machine'
2016-07-10 13:41:44.288 [info] <0.7.0> Application mochiweb started on node 'zotonic001@ub2-virtual-machine'
2016-07-10 13:41:44.354 [info] <0.7.0> Application sendfile started on node 'zotonic001@ub2-virtual-machine'
2016-07-10 13:41:44.508 [info] <0.7.0> Application webzmachine started on node 'zotonic001@ub2-virtual-machine'
2016-07-10 13:41:44.524 [info] <0.7.0> Application z_stdlib started on node 'zotonic001@ub2-virtual-machine'
2016-07-10 13:41:44.537 [info] <0.7.0> Application poolboy started on node 'zotonic001@ub2-virtual-machine'
2016-07-10 13:41:44.565 [info] <0.7.0> Application jobs started on node 'zotonic001@ub2-virtual-machine'
2016-07-10 13:41:44.598 [info] <0.7.0> Application gproc started on node 'zotonic001@ub2-virtual-machine'
2016-07-10 13:41:44.614 [info] <0.205.0> filezcache: repopulating cache with 0 keys
2016-07-10 13:41:44.614 [info] <0.205.0> filezcache: scanning cache directory for unknown files.
2016-07-10 13:41:44.616 [info] <0.7.0> Application filezcache started on node 'zotonic001@ub2-virtual-machine'
2016-07-10 13:41:44.637 [info] <0.7.0> Application s3filez started on node 'zotonic001@ub2-virtual-machine'
2016-07-10 13:41:44.651 [info] <0.7.0> Application erlang_localtime started on node 'zotonic001@ub2-virtual-machine'
2016-07-10 13:41:44.666 [info] <0.7.0> Application cf started on node 'zotonic001@ub2-virtual-machine'
2016-07-10 13:41:44.666 [info] <0.7.0> Application erlware_commons started on node 'zotonic001@ub2-virtual-machine'
2016-07-10 13:41:44.666 [info] <0.7.0> Application qdate started on node 'zotonic001@ub2-virtual-machine'
2016-07-10 13:41:44.891 [info] <0.223.0>@emqtt_app:start:35 starting emqtt on node 'zotonic001@ub2-virtual-machine'
2016-07-10 13:41:44.931 [info] <0.225.0>@emqtt_auth:init:55 emqtt_auth is started
2016-07-10 13:41:44.943 [info] <0.226.0>@emqtt_retained:init:89 emqtt_retained is started.
2016-07-10 13:41:44.947 [info] <0.227.0>@emqtt_router:init:121 emqtt_router is started.
2016-07-10 13:41:44.949 [info] <0.228.0>@emqtt_registry:init:56 emqtt_registry is started.
2016-07-10 13:41:44.952 [info] <0.229.0>@emqtt_client_monitor:init:46 emqtt_client_monitor is started.
2016-07-10 13:41:44.960 [info] <0.223.0>@emqtt_app:start:38 emqtt broker is running now.
2016-07-10 13:41:44.960 [info] <0.7.0> Application emqtt started on node 'zotonic001@ub2-virtual-machine'
2016-07-10 13:41:45.309 [info] <0.240.0> gen_smtp_server starting at 'zotonic001@ub2-virtual-machine'
2016-07-10 13:41:45.312 [info] <0.240.0> gen_smtp_server listening on {127,0,0,1}:2525 via tcp
2016-07-10 13:41:45.659 [info] <0.243.0>@z_sites_manager:handle_cast:262 Site started: zotonic_status (<0.246.0>)
2016-07-10 13:41:45.799 [error] <0.270.0>@z_filewatcher_sup:which_watcher:58 FILEWATCHER: please install fswatch or inotify-tools to automatically load changed files
2016-07-10 13:41:46.293 [info] <0.7.0> Application zotonic started on node 'zotonic001@ub2-virtual-machine'
2016-07-10 13:41:49.259 [info] <0.236.0>@zotonic_sup:init:164 
2016-07-10 13:41:49.259 [info] <0.236.0>@zotonic_sup:init:165 Zotonic started
2016-07-10 13:41:49.259 [info] <0.236.0>@zotonic_sup:init:166 ===============
2016-07-10 13:41:49.259 [info] <0.236.0>@zotonic_sup:init:167 Config files used:
2016-07-10 13:41:49.259 [info] <0.236.0>@zotonic_sup:init:168 - /home/ub2/.zotonic/0/erlang.config
2016-07-10 13:41:49.259 [info] <0.236.0>@zotonic_sup:init:168 - /home/ub2/.zotonic/0/zotonic.config
2016-07-10 13:41:49.259 [info] <0.236.0>@zotonic_sup:init:169 
2016-07-10 13:41:49.259 [info] <0.236.0>@zotonic_sup:init:178 Web server listening on IPv4 any:8000, SSL :8443
2016-07-10 13:41:49.259 [info] <0.236.0>@zotonic_sup:init:185 
2016-07-10 13:41:57.140 [info] <0.366.0>@z_transport:maybe_set_page_session:369 PageId without page session (session_id undefined)
2016-07-10 13:41:57.335 [info] <0.366.0>@z_transport:maybe_set_page_session:369 PageId without page session (session_id undefined)
2016-07-10 13:46:33.816 [info] <0.7.0> Application lager started on node 'zotonic001@ub2-virtual-machine'
2016-07-10 13:46:33.875 [info] <0.7.0> Application setup started on node 'zotonic001@ub2-virtual-machine'
2016-07-10 13:46:33.875 [error] <0.125.0> Unable to read boot script (start_sasl.script): {error,enoent}
2016-07-10 13:46:33.949 [info] <0.134.0>@exometer_report:do_start_reporters:632 Starting reporters with []
2016-07-10 13:46:33.949 [info] <0.7.0> Application exometer_core started on node 'zotonic001@ub2-virtual-machine'
2016-07-10 13:46:33.953 [info] <0.7.0> Application exometer started on node 'zotonic001@ub2-virtual-machine'
2016-07-10 13:46:33.956 [info] <0.7.0> Application depcache started on node 'zotonic001@ub2-virtual-machine'
2016-07-10 13:46:33.973 [info] <0.7.0> Application mimetypes started on node 'zotonic001@ub2-virtual-machine'
2016-07-10 13:46:34.091 [info] <0.7.0> Application inets started on node 'zotonic001@ub2-virtual-machine'
2016-07-10 13:46:34.138 [info] <0.7.0> Application asn1 started on node 'zotonic001@ub2-virtual-machine'
2016-07-10 13:46:34.138 [info] <0.7.0> Application public_key started on node 'zotonic001@ub2-virtual-machine'
2016-07-10 13:46:34.157 [info] <0.7.0> Application ssl started on node 'zotonic001@ub2-virtual-machine'
2016-07-10 13:46:34.175 [info] <0.7.0> Application xmerl started on node 'zotonic001@ub2-virtual-machine'
2016-07-10 13:46:34.175 [info] <0.7.0> Application mochiweb started on node 'zotonic001@ub2-virtual-machine'
2016-07-10 13:46:34.206 [info] <0.7.0> Application sendfile started on node 'zotonic001@ub2-virtual-machine'
2016-07-10 13:46:34.321 [info] <0.7.0> Application webzmachine started on node 'zotonic001@ub2-virtual-machine'
2016-07-10 13:46:34.335 [info] <0.7.0> Application z_stdlib started on node 'zotonic001@ub2-virtual-machine'
2016-07-10 13:46:34.347 [info] <0.7.0> Application poolboy started on node 'zotonic001@ub2-virtual-machine'
2016-07-10 13:46:34.392 [info] <0.7.0> Application jobs started on node 'zotonic001@ub2-virtual-machine'
2016-07-10 13:46:34.419 [info] <0.7.0> Application gproc started on node 'zotonic001@ub2-virtual-machine'
2016-07-10 13:46:34.435 [info] <0.205.0> filezcache: repopulating cache with 0 keys
2016-07-10 13:46:34.435 [info] <0.205.0> filezcache: scanning cache directory for unknown files.
2016-07-10 13:46:34.437 [info] <0.7.0> Application filezcache started on node 'zotonic001@ub2-virtual-machine'
2016-07-10 13:46:34.447 [info] <0.7.0> Application s3filez started on node 'zotonic001@ub2-virtual-machine'
2016-07-10 13:46:34.461 [info] <0.7.0> Application erlang_localtime started on node 'zotonic001@ub2-virtual-machine'
2016-07-10 13:46:34.476 [info] <0.7.0> Application cf started on node 'zotonic001@ub2-virtual-machine'
2016-07-10 13:46:34.476 [info] <0.7.0> Application erlware_commons started on node 'zotonic001@ub2-virtual-machine'
2016-07-10 13:46:34.476 [info] <0.7.0> Application qdate started on node 'zotonic001@ub2-virtual-machine'
2016-07-10 13:46:34.716 [info] <0.223.0>@emqtt_app:start:35 starting emqtt on node 'zotonic001@ub2-virtual-machine'
2016-07-10 13:46:34.763 [info] <0.225.0>@emqtt_auth:init:55 emqtt_auth is started
2016-07-10 13:46:34.775 [info] <0.226.0>@emqtt_retained:init:89 emqtt_retained is started.
2016-07-10 13:46:34.779 [info] <0.227.0>@emqtt_router:init:121 emqtt_router is started.
2016-07-10 13:46:34.781 [info] <0.228.0>@emqtt_registry:init:56 emqtt_registry is started.
2016-07-10 13:46:34.784 [info] <0.229.0>@emqtt_client_monitor:init:46 emqtt_client_monitor is started.
2016-07-10 13:46:34.791 [info] <0.223.0>@emqtt_app:start:38 emqtt broker is running now.
2016-07-10 13:46:34.791 [info] <0.7.0> Application emqtt started on node 'zotonic001@ub2-virtual-machine'
2016-07-10 13:46:35.045 [info] <0.240.0> gen_smtp_server starting at 'zotonic001@ub2-virtual-machine'
2016-07-10 13:46:35.048 [info] <0.240.0> gen_smtp_server listening on {127,0,0,1}:2525 via tcp
2016-07-10 13:46:35.320 [info] <0.243.0>@z_sites_manager:handle_cast:262 Site started: zotonic_status (<0.246.0>)
2016-07-10 13:46:35.399 [error] <0.270.0>@z_filewatcher_sup:which_watcher:58 FILEWATCHER: please install fswatch or inotify-tools to automatically load changed files
2016-07-10 13:46:35.704 [info] <0.7.0> Application zotonic started on node 'zotonic001@ub2-virtual-machine'
2016-07-10 13:46:38.980 [info] <0.236.0>@zotonic_sup:init:164 
2016-07-10 13:46:38.980 [info] <0.236.0>@zotonic_sup:init:165 Zotonic started
2016-07-10 13:46:38.980 [info] <0.236.0>@zotonic_sup:init:166 ===============
2016-07-10 13:46:38.980 [info] <0.236.0>@zotonic_sup:init:167 Config files used:
2016-07-10 13:46:38.980 [info] <0.236.0>@zotonic_sup:init:168 - /home/ub2/.zotonic/0/erlang.config
2016-07-10 13:46:38.980 [info] <0.236.0>@zotonic_sup:init:168 - /home/ub2/.zotonic/0/zotonic.config
2016-07-10 13:46:38.980 [info] <0.236.0>@zotonic_sup:init:169 
2016-07-10 13:46:38.981 [info] <0.236.0>@zotonic_sup:init:178 Web server listening on IPv4 any:8000, SSL :8443
2016-07-10 13:46:38.981 [info] <0.236.0>@zotonic_sup:init:185 
2016-07-10 13:46:55.014 [info] <0.359.0>@z_transport:maybe_set_page_session:369 PageId without page session (session_id undefined)
2016-07-10 13:46:55.082 [info] <0.359.0>@z_transport:maybe_set_page_session:369 PageId without page session (session_id undefined)
2016-07-10 13:52:29.568 [info] <0.7.0> Application lager started on node 'zotonic001@ub2-virtual-machine'
2016-07-10 13:52:29.592 [info] <0.7.0> Application setup started on node 'zotonic001@ub2-virtual-machine'
2016-07-10 13:52:29.593 [error] <0.125.0> Unable to read boot script (start_sasl.script): {error,enoent}
2016-07-10 13:52:29.757 [info] <0.134.0>@exometer_report:do_start_reporters:632 Starting reporters with []
2016-07-10 13:52:29.758 [info] <0.7.0> Application exometer_core started on node 'zotonic001@ub2-virtual-machine'
2016-07-10 13:52:29.763 [info] <0.7.0> Application exometer started on node 'zotonic001@ub2-virtual-machine'
2016-07-10 13:52:29.769 [info] <0.7.0> Application depcache started on node 'zotonic001@ub2-virtual-machine'
2016-07-10 13:52:29.800 [info] <0.7.0> Application mimetypes started on node 'zotonic001@ub2-virtual-machine'
2016-07-10 13:52:29.914 [info] <0.7.0> Application inets started on node 'zotonic001@ub2-virtual-machine'
2016-07-10 13:52:29.954 [info] <0.7.0> Application asn1 started on node 'zotonic001@ub2-virtual-machine'
2016-07-10 13:52:29.954 [info] <0.7.0> Application public_key started on node 'zotonic001@ub2-virtual-machine'
2016-07-10 13:52:29.977 [info] <0.7.0> Application ssl started on node 'zotonic001@ub2-virtual-machine'
2016-07-10 13:52:29.990 [info] <0.7.0> Application xmerl started on node 'zotonic001@ub2-virtual-machine'
2016-07-10 13:52:29.991 [info] <0.7.0> Application mochiweb started on node 'zotonic001@ub2-virtual-machine'
2016-07-10 13:52:30.057 [info] <0.7.0> Application sendfile started on node 'zotonic001@ub2-virtual-machine'
2016-07-10 13:52:30.201 [info] <0.7.0> Application webzmachine started on node 'zotonic001@ub2-virtual-machine'
2016-07-10 13:52:30.217 [info] <0.7.0> Application z_stdlib started on node 'zotonic001@ub2-virtual-machine'
2016-07-10 13:52:30.230 [info] <0.7.0> Application poolboy started on node 'zotonic001@ub2-virtual-machine'
2016-07-10 13:52:30.273 [info] <0.7.0> Application jobs started on node 'zotonic001@ub2-virtual-machine'
2016-07-10 13:52:30.303 [info] <0.7.0> Application gproc started on node 'zotonic001@ub2-virtual-machine'
2016-07-10 13:52:30.319 [info] <0.205.0> filezcache: repopulating cache with 0 keys
2016-07-10 13:52:30.319 [info] <0.205.0> filezcache: scanning cache directory for unknown files.
2016-07-10 13:52:30.321 [info] <0.7.0> Application filezcache started on node 'zotonic001@ub2-virtual-machine'
2016-07-10 13:52:30.341 [info] <0.7.0> Application s3filez started on node 'zotonic001@ub2-virtual-machine'
2016-07-10 13:52:30.355 [info] <0.7.0> Application erlang_localtime started on node 'zotonic001@ub2-virtual-machine'
2016-07-10 13:52:30.369 [info] <0.7.0> Application cf started on node 'zotonic001@ub2-virtual-machine'
2016-07-10 13:52:30.370 [info] <0.7.0> Application erlware_commons started on node 'zotonic001@ub2-virtual-machine'
2016-07-10 13:52:30.370 [info] <0.7.0> Application qdate started on node 'zotonic001@ub2-virtual-machine'
2016-07-10 13:52:30.519 [info] <0.223.0>@emqtt_app:start:35 starting emqtt on node 'zotonic001@ub2-virtual-machine'
2016-07-10 13:52:30.547 [info] <0.225.0>@emqtt_auth:init:55 emqtt_auth is started
2016-07-10 13:52:30.557 [info] <0.226.0>@emqtt_retained:init:89 emqtt_retained is started.
2016-07-10 13:52:30.562 [info] <0.227.0>@emqtt_router:init:121 emqtt_router is started.
2016-07-10 13:52:30.564 [info] <0.228.0>@emqtt_registry:init:56 emqtt_registry is started.
2016-07-10 13:52:30.568 [info] <0.229.0>@emqtt_client_monitor:init:46 emqtt_client_monitor is started.
2016-07-10 13:52:30.575 [info] <0.223.0>@emqtt_app:start:38 emqtt broker is running now.
2016-07-10 13:52:30.575 [info] <0.7.0> Application emqtt started on node 'zotonic001@ub2-virtual-machine'
2016-07-10 13:52:30.769 [info] <0.240.0> gen_smtp_server starting at 'zotonic001@ub2-virtual-machine'
2016-07-10 13:52:30.771 [info] <0.240.0> gen_smtp_server listening on {127,0,0,1}:2525 via tcp
2016-07-10 13:52:33.040 [info] <0.243.0>@z_sites_manager:handle_cast:262 Site started: zotonic_status (<0.247.0>)
2016-07-10 13:52:33.041 [info] <0.243.0>@z_sites_manager:handle_cast:262 Site started: bigdata (<0.268.0>)
2016-07-10 13:52:33.162 [error] <0.343.0>@z_filewatcher_sup:which_watcher:58 FILEWATCHER: please install fswatch or inotify-tools to automatically load changed files
2016-07-10 13:52:33.504 [info] <0.7.0> Application zotonic started on node 'zotonic001@ub2-virtual-machine'
2016-07-10 13:52:34.021 [info] z_datamodel:169 [bigdata] info @ z_datamodel:169  Creating new category 'admin_content_query'
2016-07-10 13:52:34.726 [info] <0.236.0>@zotonic_sup:init:164 
2016-07-10 13:52:34.726 [info] <0.236.0>@zotonic_sup:init:165 Zotonic started
2016-07-10 13:52:34.726 [info] <0.236.0>@zotonic_sup:init:166 ===============
2016-07-10 13:52:34.726 [info] <0.236.0>@zotonic_sup:init:167 Config files used:
2016-07-10 13:52:34.726 [info] <0.236.0>@zotonic_sup:init:168 - /home/ub2/.zotonic/0/erlang.config
2016-07-10 13:52:34.726 [info] <0.236.0>@zotonic_sup:init:168 - /home/ub2/.zotonic/0/zotonic.config
2016-07-10 13:52:34.726 [info] <0.236.0>@zotonic_sup:init:169 
2016-07-10 13:52:34.726 [info] <0.236.0>@zotonic_sup:init:178 Web server listening on IPv4 any:8000, SSL :8443
2016-07-10 13:52:34.726 [info] <0.236.0>@zotonic_sup:init:185 
2016-07-10 13:52:35.621 [info] <0.236.0>@zotonic_sup:init:186 http://bigdata.dev:8000                        - running
2016-07-10 13:52:53.049 [info] m_category:790 [bigdata] info @ m_category:790  Category renumbering completed.
2016-07-10 13:56:37.037 [info] <0.7.0> Application lager started on node 'zotonic001@ub2-virtual-machine'
2016-07-10 13:56:37.049 [info] <0.7.0> Application setup started on node 'zotonic001@ub2-virtual-machine'
2016-07-10 13:56:37.052 [error] <0.127.0> Unable to read boot script (start_sasl.script): {error,enoent}
2016-07-10 13:56:37.121 [info] <0.136.0>@exometer_report:do_start_reporters:632 Starting reporters with []
2016-07-10 13:56:37.121 [info] <0.7.0> Application exometer_core started on node 'zotonic001@ub2-virtual-machine'
2016-07-10 13:56:37.124 [info] <0.7.0> Application exometer started on node 'zotonic001@ub2-virtual-machine'
2016-07-10 13:56:37.127 [info] <0.7.0> Application depcache started on node 'zotonic001@ub2-virtual-machine'
2016-07-10 13:56:37.146 [info] <0.7.0> Application mimetypes started on node 'zotonic001@ub2-virtual-machine'
2016-07-10 13:56:37.225 [info] <0.7.0> Application inets started on node 'zotonic001@ub2-virtual-machine'
2016-07-10 13:56:37.253 [info] <0.7.0> Application asn1 started on node 'zotonic001@ub2-virtual-machine'
2016-07-10 13:56:37.254 [info] <0.7.0> Application public_key started on node 'zotonic001@ub2-virtual-machine'
2016-07-10 13:56:37.271 [info] <0.7.0> Application ssl started on node 'zotonic001@ub2-virtual-machine'
2016-07-10 13:56:37.275 [info] <0.7.0> Application xmerl started on node 'zotonic001@ub2-virtual-machine'
2016-07-10 13:56:37.275 [info] <0.7.0> Application mochiweb started on node 'zotonic001@ub2-virtual-machine'
2016-07-10 13:56:37.314 [info] <0.7.0> Application sendfile started on node 'zotonic001@ub2-virtual-machine'
2016-07-10 13:56:37.449 [info] <0.7.0> Application webzmachine started on node 'zotonic001@ub2-virtual-machine'
2016-07-10 13:56:37.449 [info] <0.7.0> Application z_stdlib started on node 'zotonic001@ub2-virtual-machine'
2016-07-10 13:56:37.451 [info] <0.7.0> Application poolboy started on node 'zotonic001@ub2-virtual-machine'
2016-07-10 13:56:37.469 [info] <0.7.0> Application jobs started on node 'zotonic001@ub2-virtual-machine'
2016-07-10 13:56:37.505 [info] <0.7.0> Application gproc started on node 'zotonic001@ub2-virtual-machine'
2016-07-10 13:56:37.517 [info] <0.207.0> filezcache: repopulating cache with 0 keys
2016-07-10 13:56:37.517 [info] <0.207.0> filezcache: scanning cache directory for unknown files.
2016-07-10 13:56:37.518 [info] <0.7.0> Application filezcache started on node 'zotonic001@ub2-virtual-machine'
2016-07-10 13:56:37.531 [info] <0.7.0> Application s3filez started on node 'zotonic001@ub2-virtual-machine'
2016-07-10 13:56:37.544 [info] <0.7.0> Application erlang_localtime started on node 'zotonic001@ub2-virtual-machine'
2016-07-10 13:56:37.550 [info] <0.7.0> Application cf started on node 'zotonic001@ub2-virtual-machine'
2016-07-10 13:56:37.551 [info] <0.7.0> Application erlware_commons started on node 'zotonic001@ub2-virtual-machine'
2016-07-10 13:56:37.551 [info] <0.7.0> Application qdate started on node 'zotonic001@ub2-virtual-machine'
2016-07-10 13:56:37.693 [info] <0.225.0>@emqtt_app:start:35 starting emqtt on node 'zotonic001@ub2-virtual-machine'
2016-07-10 13:56:37.713 [info] <0.227.0>@emqtt_auth:init:55 emqtt_auth is started
2016-07-10 13:56:37.715 [info] <0.228.0>@emqtt_retained:init:89 emqtt_retained is started.
2016-07-10 13:56:37.722 [info] <0.229.0>@emqtt_router:init:121 emqtt_router is started.
2016-07-10 13:56:37.726 [info] <0.230.0>@emqtt_registry:init:56 emqtt_registry is started.
2016-07-10 13:56:37.730 [info] <0.231.0>@emqtt_client_monitor:init:46 emqtt_client_monitor is started.
2016-07-10 13:56:37.743 [info] <0.225.0>@emqtt_app:start:38 emqtt broker is running now.
2016-07-10 13:56:37.743 [info] <0.7.0> Application emqtt started on node 'zotonic001@ub2-virtual-machine'
2016-07-10 13:56:37.828 [info] <0.242.0> gen_smtp_server starting at 'zotonic001@ub2-virtual-machine'
2016-07-10 13:56:37.830 [info] <0.242.0> gen_smtp_server listening on {127,0,0,1}:2525 via tcp
2016-07-10 13:56:38.258 [info] <0.245.0>@z_sites_manager:handle_cast:262 Site started: zotonic_status (<0.249.0>)
2016-07-10 13:56:38.258 [info] <0.245.0>@z_sites_manager:handle_cast:262 Site started: bigdata (<0.270.0>)
2016-07-10 13:56:38.309 [error] <0.339.0>@z_filewatcher_sup:which_watcher:58 FILEWATCHER: please install fswatch or inotify-tools to automatically load changed files
2016-07-10 13:56:38.477 [info] <0.7.0> Application zotonic started on node 'zotonic001@ub2-virtual-machine'
2016-07-10 13:56:41.816 [info] <0.238.0>@zotonic_sup:init:164 
2016-07-10 13:56:41.816 [info] <0.238.0>@zotonic_sup:init:165 Zotonic started
2016-07-10 13:56:41.816 [info] <0.238.0>@zotonic_sup:init:166 ===============
2016-07-10 13:56:41.816 [info] <0.238.0>@zotonic_sup:init:167 Config files used:
2016-07-10 13:56:41.816 [info] <0.238.0>@zotonic_sup:init:168 - /home/ub2/.zotonic/0/erlang.config
2016-07-10 13:56:41.816 [info] <0.238.0>@zotonic_sup:init:168 - /home/ub2/.zotonic/0/zotonic.config
2016-07-10 13:56:41.816 [info] <0.238.0>@zotonic_sup:init:169 
2016-07-10 13:56:41.817 [info] <0.238.0>@zotonic_sup:init:178 Web server listening on IPv4 any:8000, SSL :8443
2016-07-10 13:56:41.817 [info] <0.238.0>@zotonic_sup:init:185 
2016-07-10 13:56:41.826 [info] <0.238.0>@zotonic_sup:init:186 http://bigdata.dev:8000                        - running
2016-07-10 14:20:11.806 [info] <0.7.0> Application lager started on node 'zotonic001@ub2-virtual-machine'
2016-07-10 14:20:11.858 [info] <0.7.0> Application setup started on node 'zotonic001@ub2-virtual-machine'
2016-07-10 14:20:11.858 [error] <0.127.0> Unable to read boot script (start_sasl.script): {error,enoent}
2016-07-10 14:20:11.994 [info] <0.136.0>@exometer_report:do_start_reporters:632 Starting reporters with []
2016-07-10 14:20:11.994 [info] <0.7.0> Application exometer_core started on node 'zotonic001@ub2-virtual-machine'
2016-07-10 14:20:11.998 [info] <0.7.0> Application exometer started on node 'zotonic001@ub2-virtual-machine'
2016-07-10 14:20:12.002 [info] <0.7.0> Application depcache started on node 'zotonic001@ub2-virtual-machine'
2016-07-10 14:20:12.059 [info] <0.7.0> Application mimetypes started on node 'zotonic001@ub2-virtual-machine'
2016-07-10 14:20:12.269 [info] <0.7.0> Application inets started on node 'zotonic001@ub2-virtual-machine'
2016-07-10 14:20:12.313 [info] <0.7.0> Application asn1 started on node 'zotonic001@ub2-virtual-machine'
2016-07-10 14:20:12.313 [info] <0.7.0> Application public_key started on node 'zotonic001@ub2-virtual-machine'
2016-07-10 14:20:12.346 [info] <0.7.0> Application ssl started on node 'zotonic001@ub2-virtual-machine'
2016-07-10 14:20:12.383 [info] <0.7.0> Application xmerl started on node 'zotonic001@ub2-virtual-machine'
2016-07-10 14:20:12.383 [info] <0.7.0> Application mochiweb started on node 'zotonic001@ub2-virtual-machine'
2016-07-10 14:20:12.448 [info] <0.7.0> Application sendfile started on node 'zotonic001@ub2-virtual-machine'
2016-07-10 14:20:12.627 [info] <0.7.0> Application webzmachine started on node 'zotonic001@ub2-virtual-machine'
2016-07-10 14:20:12.643 [info] <0.7.0> Application z_stdlib started on node 'zotonic001@ub2-virtual-machine'
2016-07-10 14:20:12.655 [info] <0.7.0> Application poolboy started on node 'zotonic001@ub2-virtual-machine'
2016-07-10 14:20:12.693 [info] <0.7.0> Application jobs started on node 'zotonic001@ub2-virtual-machine'
2016-07-10 14:20:12.739 [info] <0.7.0> Application gproc started on node 'zotonic001@ub2-virtual-machine'
2016-07-10 14:20:12.767 [info] <0.207.0> filezcache: repopulating cache with 0 keys
2016-07-10 14:20:12.767 [info] <0.207.0> filezcache: scanning cache directory for unknown files.
2016-07-10 14:20:12.770 [info] <0.7.0> Application filezcache started on node 'zotonic001@ub2-virtual-machine'
2016-07-10 14:20:12.840 [info] <0.7.0> Application s3filez started on node 'zotonic001@ub2-virtual-machine'
2016-07-10 14:20:12.858 [info] <0.7.0> Application erlang_localtime started on node 'zotonic001@ub2-virtual-machine'
2016-07-10 14:20:12.873 [info] <0.7.0> Application cf started on node 'zotonic001@ub2-virtual-machine'
2016-07-10 14:20:12.874 [info] <0.7.0> Application erlware_commons started on node 'zotonic001@ub2-virtual-machine'
2016-07-10 14:20:12.874 [info] <0.7.0> Application qdate started on node 'zotonic001@ub2-virtual-machine'
2016-07-10 14:20:13.031 [info] <0.225.0>@emqtt_app:start:35 starting emqtt on node 'zotonic001@ub2-virtual-machine'
2016-07-10 14:20:13.074 [info] <0.227.0>@emqtt_auth:init:55 emqtt_auth is started
2016-07-10 14:20:13.077 [info] <0.228.0>@emqtt_retained:init:89 emqtt_retained is started.
2016-07-10 14:20:13.081 [info] <0.229.0>@emqtt_router:init:121 emqtt_router is started.
2016-07-10 14:20:13.084 [info] <0.230.0>@emqtt_registry:init:56 emqtt_registry is started.
2016-07-10 14:20:13.087 [info] <0.231.0>@emqtt_client_monitor:init:46 emqtt_client_monitor is started.
2016-07-10 14:20:13.106 [info] <0.225.0>@emqtt_app:start:38 emqtt broker is running now.
2016-07-10 14:20:13.106 [info] <0.7.0> Application emqtt started on node 'zotonic001@ub2-virtual-machine'
2016-07-10 14:20:15.414 [info] <0.242.0> gen_smtp_server starting at 'zotonic001@ub2-virtual-machine'
2016-07-10 14:20:15.417 [info] <0.242.0> gen_smtp_server listening on {127,0,0,1}:2525 via tcp
2016-07-10 14:20:16.810 [info] <0.245.0>@z_sites_manager:handle_cast:262 Site started: zotonic_status (<0.249.0>)
2016-07-10 14:20:16.810 [info] <0.245.0>@z_sites_manager:handle_cast:262 Site started: bigdata (<0.270.0>)
2016-07-10 14:20:17.032 [error] <0.342.0>@z_filewatcher_sup:which_watcher:58 FILEWATCHER: please install fswatch or inotify-tools to automatically load changed files
2016-07-10 14:20:17.602 [info] <0.7.0> Application zotonic started on node 'zotonic001@ub2-virtual-machine'
2016-07-10 14:20:19.360 [info] <0.238.0>@zotonic_sup:init:164 
2016-07-10 14:20:19.360 [info] <0.238.0>@zotonic_sup:init:165 Zotonic started
2016-07-10 14:20:19.360 [info] <0.238.0>@zotonic_sup:init:166 ===============
2016-07-10 14:20:19.360 [info] <0.238.0>@zotonic_sup:init:167 Config files used:
2016-07-10 14:20:19.360 [info] <0.238.0>@zotonic_sup:init:168 - /home/ub2/.zotonic/0/erlang.config
2016-07-10 14:20:19.360 [info] <0.238.0>@zotonic_sup:init:168 - /home/ub2/.zotonic/0/zotonic.config
2016-07-10 14:20:19.360 [info] <0.238.0>@zotonic_sup:init:169 
2016-07-10 14:20:19.360 [info] <0.238.0>@zotonic_sup:init:178 Web server listening on IPv4 any:8000, SSL :8443
2016-07-10 14:20:19.361 [info] <0.238.0>@zotonic_sup:init:185 
2016-07-10 14:20:19.443 [info] <0.238.0>@zotonic_sup:init:186 http://acp.bigdata.com:8000                    - running
2016-07-10 14:33:06.014 [info] <0.7.0> Application lager started on node 'zotonic001@ub2-virtual-machine'
2016-07-10 14:33:06.039 [info] <0.7.0> Application setup started on node 'zotonic001@ub2-virtual-machine'
2016-07-10 14:33:06.039 [error] <0.125.0> Unable to read boot script (start_sasl.script): {error,enoent}
2016-07-10 14:33:06.141 [info] <0.134.0>@exometer_report:do_start_reporters:632 Starting reporters with []
2016-07-10 14:33:06.141 [info] <0.7.0> Application exometer_core started on node 'zotonic001@ub2-virtual-machine'
2016-07-10 14:33:06.144 [info] <0.7.0> Application exometer started on node 'zotonic001@ub2-virtual-machine'
2016-07-10 14:33:06.147 [info] <0.7.0> Application depcache started on node 'zotonic001@ub2-virtual-machine'
2016-07-10 14:33:06.192 [info] <0.7.0> Application mimetypes started on node 'zotonic001@ub2-virtual-machine'
2016-07-10 14:33:06.272 [info] <0.7.0> Application inets started on node 'zotonic001@ub2-virtual-machine'
2016-07-10 14:33:06.311 [info] <0.7.0> Application asn1 started on node 'zotonic001@ub2-virtual-machine'
2016-07-10 14:33:06.312 [info] <0.7.0> Application public_key started on node 'zotonic001@ub2-virtual-machine'
2016-07-10 14:33:06.331 [info] <0.7.0> Application ssl started on node 'zotonic001@ub2-virtual-machine'
2016-07-10 14:33:06.347 [info] <0.7.0> Application xmerl started on node 'zotonic001@ub2-virtual-machine'
2016-07-10 14:33:06.348 [info] <0.7.0> Application mochiweb started on node 'zotonic001@ub2-virtual-machine'
2016-07-10 14:33:06.379 [info] <0.7.0> Application sendfile started on node 'zotonic001@ub2-virtual-machine'
2016-07-10 14:33:06.525 [info] <0.7.0> Application webzmachine started on node 'zotonic001@ub2-virtual-machine'
2016-07-10 14:33:06.541 [info] <0.7.0> Application z_stdlib started on node 'zotonic001@ub2-virtual-machine'
2016-07-10 14:33:06.554 [info] <0.7.0> Application poolboy started on node 'zotonic001@ub2-virtual-machine'
2016-07-10 14:33:06.600 [info] <0.7.0> Application jobs started on node 'zotonic001@ub2-virtual-machine'
2016-07-10 14:33:06.653 [info] <0.7.0> Application gproc started on node 'zotonic001@ub2-virtual-machine'
2016-07-10 14:33:06.670 [info] <0.205.0> filezcache: repopulating cache with 0 keys
2016-07-10 14:33:06.670 [info] <0.205.0> filezcache: scanning cache directory for unknown files.
2016-07-10 14:33:06.673 [info] <0.7.0> Application filezcache started on node 'zotonic001@ub2-virtual-machine'
2016-07-10 14:33:06.687 [info] <0.7.0> Application s3filez started on node 'zotonic001@ub2-virtual-machine'
2016-07-10 14:33:06.701 [info] <0.7.0> Application erlang_localtime started on node 'zotonic001@ub2-virtual-machine'
2016-07-10 14:33:06.716 [info] <0.7.0> Application cf started on node 'zotonic001@ub2-virtual-machine'
2016-07-10 14:33:06.716 [info] <0.7.0> Application erlware_commons started on node 'zotonic001@ub2-virtual-machine'
2016-07-10 14:33:06.716 [info] <0.7.0> Application qdate started on node 'zotonic001@ub2-virtual-machine'
2016-07-10 14:33:06.873 [info] <0.223.0>@emqtt_app:start:35 starting emqtt on node 'zotonic001@ub2-virtual-machine'
2016-07-10 14:33:06.905 [info] <0.225.0>@emqtt_auth:init:55 emqtt_auth is started
2016-07-10 14:33:06.908 [info] <0.226.0>@emqtt_retained:init:89 emqtt_retained is started.
2016-07-10 14:33:06.911 [info] <0.227.0>@emqtt_router:init:121 emqtt_router is started.
2016-07-10 14:33:06.914 [info] <0.228.0>@emqtt_registry:init:56 emqtt_registry is started.
2016-07-10 14:33:06.916 [info] <0.229.0>@emqtt_client_monitor:init:46 emqtt_client_monitor is started.
2016-07-10 14:33:06.924 [info] <0.223.0>@emqtt_app:start:38 emqtt broker is running now.
2016-07-10 14:33:06.924 [info] <0.7.0> Application emqtt started on node 'zotonic001@ub2-virtual-machine'
2016-07-10 14:33:07.158 [info] <0.240.0> gen_smtp_server starting at 'zotonic001@ub2-virtual-machine'
2016-07-10 14:33:07.161 [info] <0.240.0> gen_smtp_server listening on {127,0,0,1}:2525 via tcp
2016-07-10 14:33:07.449 [info] <0.243.0>@z_sites_manager:handle_cast:262 Site started: zotonic_status (<0.246.0>)
2016-07-10 14:33:07.539 [error] <0.270.0>@z_filewatcher_sup:which_watcher:58 FILEWATCHER: please install fswatch or inotify-tools to automatically load changed files
2016-07-10 14:33:08.002 [info] <0.7.0> Application zotonic started on node 'zotonic001@ub2-virtual-machine'
2016-07-10 14:33:11.110 [info] <0.236.0>@zotonic_sup:init:164 
2016-07-10 14:33:11.110 [info] <0.236.0>@zotonic_sup:init:165 Zotonic started
2016-07-10 14:33:11.110 [info] <0.236.0>@zotonic_sup:init:166 ===============
2016-07-10 14:33:11.110 [info] <0.236.0>@zotonic_sup:init:167 Config files used:
2016-07-10 14:33:11.110 [info] <0.236.0>@zotonic_sup:init:168 - /home/ub2/.zotonic/0/erlang.config
2016-07-10 14:33:11.110 [info] <0.236.0>@zotonic_sup:init:168 - /home/ub2/.zotonic/0/zotonic.config
2016-07-10 14:33:11.110 [info] <0.236.0>@zotonic_sup:init:169 
2016-07-10 14:33:11.110 [info] <0.236.0>@zotonic_sup:init:178 Web server listening on IPv4 any:8000, SSL :8443
2016-07-10 14:33:11.111 [info] <0.236.0>@zotonic_sup:init:185 
2016-07-10 14:36:16.761 [info] <0.320.0> application: mochiweb, "127.0.0.1", "Request parse error", http_error: [255,244,255,253,6,13,10]
2016-07-10 14:40:06.844 [info] <0.7.0> Application lager started on node 'zotonic001@ub2-virtual-machine'
2016-07-10 14:40:06.853 [info] <0.7.0> Application setup started on node 'zotonic001@ub2-virtual-machine'
2016-07-10 14:40:06.853 [error] <0.125.0> Unable to read boot script (start_sasl.script): {error,enoent}
2016-07-10 14:40:06.888 [info] <0.134.0>@exometer_report:do_start_reporters:632 Starting reporters with []
2016-07-10 14:40:06.889 [info] <0.7.0> Application exometer_core started on node 'zotonic001@ub2-virtual-machine'
2016-07-10 14:40:06.891 [info] <0.7.0> Application exometer started on node 'zotonic001@ub2-virtual-machine'
2016-07-10 14:40:06.894 [info] <0.7.0> Application depcache started on node 'zotonic001@ub2-virtual-machine'
2016-07-10 14:40:06.904 [info] <0.7.0> Application mimetypes started on node 'zotonic001@ub2-virtual-machine'
2016-07-10 14:40:06.944 [info] <0.7.0> Application inets started on node 'zotonic001@ub2-virtual-machine'
2016-07-10 14:40:06.962 [info] <0.7.0> Application asn1 started on node 'zotonic001@ub2-virtual-machine'
2016-07-10 14:40:06.962 [info] <0.7.0> Application public_key started on node 'zotonic001@ub2-virtual-machine'
2016-07-10 14:40:06.978 [info] <0.7.0> Application ssl started on node 'zotonic001@ub2-virtual-machine'
2016-07-10 14:40:06.982 [info] <0.7.0> Application xmerl started on node 'zotonic001@ub2-virtual-machine'
2016-07-10 14:40:06.983 [info] <0.7.0> Application mochiweb started on node 'zotonic001@ub2-virtual-machine'
2016-07-10 14:40:06.988 [info] <0.7.0> Application sendfile started on node 'zotonic001@ub2-virtual-machine'
2016-07-10 14:40:07.101 [info] <0.7.0> Application webzmachine started on node 'zotonic001@ub2-virtual-machine'
2016-07-10 14:40:07.102 [info] <0.7.0> Application z_stdlib started on node 'zotonic001@ub2-virtual-machine'
2016-07-10 14:40:07.103 [info] <0.7.0> Application poolboy started on node 'zotonic001@ub2-virtual-machine'
2016-07-10 14:40:07.115 [info] <0.7.0> Application jobs started on node 'zotonic001@ub2-virtual-machine'
2016-07-10 14:40:07.133 [info] <0.7.0> Application gproc started on node 'zotonic001@ub2-virtual-machine'
2016-07-10 14:40:07.144 [info] <0.205.0> filezcache: repopulating cache with 0 keys
2016-07-10 14:40:07.144 [info] <0.205.0> filezcache: scanning cache directory for unknown files.
2016-07-10 14:40:07.145 [info] <0.7.0> Application filezcache started on node 'zotonic001@ub2-virtual-machine'
2016-07-10 14:40:07.151 [info] <0.7.0> Application s3filez started on node 'zotonic001@ub2-virtual-machine'
2016-07-10 14:40:07.154 [info] <0.7.0> Application erlang_localtime started on node 'zotonic001@ub2-virtual-machine'
2016-07-10 14:40:07.159 [info] <0.7.0> Application cf started on node 'zotonic001@ub2-virtual-machine'
2016-07-10 14:40:07.159 [info] <0.7.0> Application erlware_commons started on node 'zotonic001@ub2-virtual-machine'
2016-07-10 14:40:07.159 [info] <0.7.0> Application qdate started on node 'zotonic001@ub2-virtual-machine'
2016-07-10 14:40:07.283 [info] <0.223.0>@emqtt_app:start:35 starting emqtt on node 'zotonic001@ub2-virtual-machine'
2016-07-10 14:40:07.297 [info] <0.225.0>@emqtt_auth:init:55 emqtt_auth is started
2016-07-10 14:40:07.299 [info] <0.226.0>@emqtt_retained:init:89 emqtt_retained is started.
2016-07-10 14:40:07.301 [info] <0.227.0>@emqtt_router:init:121 emqtt_router is started.
2016-07-10 14:40:07.302 [info] <0.228.0>@emqtt_registry:init:56 emqtt_registry is started.
2016-07-10 14:40:07.304 [info] <0.229.0>@emqtt_client_monitor:init:46 emqtt_client_monitor is started.
2016-07-10 14:40:07.309 [info] <0.223.0>@emqtt_app:start:38 emqtt broker is running now.
2016-07-10 14:40:07.309 [info] <0.7.0> Application emqtt started on node 'zotonic001@ub2-virtual-machine'
2016-07-10 14:40:09.396 [info] <0.240.0> gen_smtp_server starting at 'zotonic001@ub2-virtual-machine'
2016-07-10 14:40:09.398 [info] <0.240.0> gen_smtp_server listening on {127,0,0,1}:2525 via tcp
2016-07-10 14:40:10.304 [info] <0.243.0>@z_sites_manager:handle_cast:262 Site started: zotonic_status (<0.247.0>)
2016-07-10 14:40:10.304 [info] <0.243.0>@z_sites_manager:handle_cast:262 Site started: mysite (<0.268.0>)
2016-07-10 14:40:10.410 [error] <0.336.0>@z_filewatcher_sup:which_watcher:58 FILEWATCHER: please install fswatch or inotify-tools to automatically load changed files
2016-07-10 14:40:10.573 [info] <0.7.0> Application zotonic started on node 'zotonic001@ub2-virtual-machine'
2016-07-10 14:40:13.384 [info] <0.236.0>@zotonic_sup:init:164 
2016-07-10 14:40:13.384 [info] <0.236.0>@zotonic_sup:init:165 Zotonic started
2016-07-10 14:40:13.384 [info] <0.236.0>@zotonic_sup:init:166 ===============
2016-07-10 14:40:13.384 [info] <0.236.0>@zotonic_sup:init:167 Config files used:
2016-07-10 14:40:13.385 [info] <0.236.0>@zotonic_sup:init:168 - /home/ub2/.zotonic/0/erlang.config
2016-07-10 14:40:13.385 [info] <0.236.0>@zotonic_sup:init:168 - /home/ub2/.zotonic/0/zotonic.config
2016-07-10 14:40:13.385 [info] <0.236.0>@zotonic_sup:init:169 
2016-07-10 14:40:13.385 [info] <0.236.0>@zotonic_sup:init:178 Web server listening on IPv4 any:8000, SSL :8443
2016-07-10 14:40:13.385 [info] <0.236.0>@zotonic_sup:init:185 
2016-07-10 14:40:13.390 [info] <0.236.0>@zotonic_sup:init:186 http://mysite.dev:8000                         - running
2016-07-10 18:21:13.397 [info] <0.7.0> Application lager started on node 'zotonic001@ub2-virtual-machine'
2016-07-10 18:21:13.452 [info] <0.7.0> Application setup started on node 'zotonic001@ub2-virtual-machine'
2016-07-10 18:21:13.452 [error] <0.127.0> Unable to read boot script (start_sasl.script): {error,enoent}
2016-07-10 18:21:13.636 [info] <0.136.0>@exometer_report:do_start_reporters:632 Starting reporters with []
2016-07-10 18:21:13.637 [info] <0.7.0> Application exometer_core started on node 'zotonic001@ub2-virtual-machine'
2016-07-10 18:21:13.647 [info] <0.7.0> Application exometer started on node 'zotonic001@ub2-virtual-machine'
2016-07-10 18:21:13.671 [info] <0.7.0> Application depcache started on node 'zotonic001@ub2-virtual-machine'
2016-07-10 18:21:13.724 [info] <0.7.0> Application mimetypes started on node 'zotonic001@ub2-virtual-machine'
2016-07-10 18:21:13.875 [info] <0.7.0> Application inets started on node 'zotonic001@ub2-virtual-machine'
2016-07-10 18:21:13.928 [info] <0.7.0> Application asn1 started on node 'zotonic001@ub2-virtual-machine'
2016-07-10 18:21:13.929 [info] <0.7.0> Application public_key started on node 'zotonic001@ub2-virtual-machine'
2016-07-10 18:21:13.960 [info] <0.7.0> Application ssl started on node 'zotonic001@ub2-virtual-machine'
2016-07-10 18:21:13.998 [info] <0.7.0> Application xmerl started on node 'zotonic001@ub2-virtual-machine'
2016-07-10 18:21:13.999 [info] <0.7.0> Application mochiweb started on node 'zotonic001@ub2-virtual-machine'
2016-07-10 18:21:14.053 [info] <0.7.0> Application sendfile started on node 'zotonic001@ub2-virtual-machine'
2016-07-10 18:21:14.198 [info] <0.7.0> Application webzmachine started on node 'zotonic001@ub2-virtual-machine'
2016-07-10 18:21:14.214 [info] <0.7.0> Application z_stdlib started on node 'zotonic001@ub2-virtual-machine'
2016-07-10 18:21:14.226 [info] <0.7.0> Application poolboy started on node 'zotonic001@ub2-virtual-machine'
2016-07-10 18:21:14.267 [info] <0.7.0> Application jobs started on node 'zotonic001@ub2-virtual-machine'
2016-07-10 18:21:14.309 [info] <0.7.0> Application gproc started on node 'zotonic001@ub2-virtual-machine'
2016-07-10 18:21:14.334 [info] <0.207.0> filezcache: repopulating cache with 0 keys
2016-07-10 18:21:14.334 [info] <0.207.0> filezcache: scanning cache directory for unknown files.
2016-07-10 18:21:14.337 [info] <0.7.0> Application filezcache started on node 'zotonic001@ub2-virtual-machine'
2016-07-10 18:21:14.401 [info] <0.7.0> Application s3filez started on node 'zotonic001@ub2-virtual-machine'
2016-07-10 18:21:14.421 [info] <0.7.0> Application erlang_localtime started on node 'zotonic001@ub2-virtual-machine'
2016-07-10 18:21:14.433 [info] <0.7.0> Application cf started on node 'zotonic001@ub2-virtual-machine'
2016-07-10 18:21:14.435 [info] <0.7.0> Application erlware_commons started on node 'zotonic001@ub2-virtual-machine'
2016-07-10 18:21:14.436 [info] <0.7.0> Application qdate started on node 'zotonic001@ub2-virtual-machine'
2016-07-10 18:21:14.620 [info] <0.225.0>@emqtt_app:start:35 starting emqtt on node 'zotonic001@ub2-virtual-machine'
2016-07-10 18:21:14.654 [info] <0.227.0>@emqtt_auth:init:55 emqtt_auth is started
2016-07-10 18:21:14.657 [info] <0.228.0>@emqtt_retained:init:89 emqtt_retained is started.
2016-07-10 18:21:14.661 [info] <0.229.0>@emqtt_router:init:121 emqtt_router is started.
2016-07-10 18:21:14.663 [info] <0.230.0>@emqtt_registry:init:56 emqtt_registry is started.
2016-07-10 18:21:14.666 [info] <0.231.0>@emqtt_client_monitor:init:46 emqtt_client_monitor is started.
2016-07-10 18:21:14.672 [info] <0.225.0>@emqtt_app:start:38 emqtt broker is running now.
2016-07-10 18:21:14.673 [info] <0.7.0> Application emqtt started on node 'zotonic001@ub2-virtual-machine'
2016-07-10 18:21:15.020 [info] <0.242.0> gen_smtp_server starting at 'zotonic001@ub2-virtual-machine'
2016-07-10 18:21:15.023 [info] <0.242.0> gen_smtp_server listening on {127,0,0,1}:2525 via tcp
2016-07-10 18:21:16.256 [info] <0.245.0>@z_sites_manager:handle_cast:262 Site started: zotonic_status (<0.249.0>)
2016-07-10 18:21:16.256 [info] <0.245.0>@z_sites_manager:handle_cast:262 Site started: mysite (<0.270.0>)
2016-07-10 18:21:16.390 [error] <0.341.0>@z_filewatcher_sup:which_watcher:58 FILEWATCHER: please install fswatch or inotify-tools to automatically load changed files
2016-07-10 18:21:16.740 [info] <0.7.0> Application zotonic started on node 'zotonic001@ub2-virtual-machine'
2016-07-10 18:21:18.978 [info] <0.238.0>@zotonic_sup:init:164 
2016-07-10 18:21:18.978 [info] <0.238.0>@zotonic_sup:init:165 Zotonic started
2016-07-10 18:21:18.978 [info] <0.238.0>@zotonic_sup:init:166 ===============
2016-07-10 18:21:18.978 [info] <0.238.0>@zotonic_sup:init:167 Config files used:
2016-07-10 18:21:18.978 [info] <0.238.0>@zotonic_sup:init:168 - /home/ub2/.zotonic/0/erlang.config
2016-07-10 18:21:18.978 [info] <0.238.0>@zotonic_sup:init:168 - /home/ub2/.zotonic/0/zotonic.config
2016-07-10 18:21:18.978 [info] <0.238.0>@zotonic_sup:init:169 
2016-07-10 18:21:18.978 [info] <0.238.0>@zotonic_sup:init:178 Web server listening on IPv4 any:8000, SSL :8443
2016-07-10 18:21:18.978 [info] <0.238.0>@zotonic_sup:init:185 
2016-07-10 18:21:19.070 [info] <0.238.0>@zotonic_sup:init:186 http://mysite.dev:8000                         - running
2016-07-11 18:59:47.939 [info] <0.7.0> Application lager started on node 'zotonic001@ub2-virtual-machine'
2016-07-11 18:59:48.104 [info] <0.7.0> Application setup started on node 'zotonic001@ub2-virtual-machine'
2016-07-11 18:59:48.105 [error] <0.125.0> Unable to read boot script (start_sasl.script): {error,enoent}
2016-07-11 18:59:48.354 [info] <0.134.0>@exometer_report:do_start_reporters:632 Starting reporters with []
2016-07-11 18:59:48.355 [info] <0.7.0> Application exometer_core started on node 'zotonic001@ub2-virtual-machine'
2016-07-11 18:59:48.363 [info] <0.7.0> Application exometer started on node 'zotonic001@ub2-virtual-machine'
2016-07-11 18:59:48.431 [info] <0.7.0> Application depcache started on node 'zotonic001@ub2-virtual-machine'
2016-07-11 18:59:48.464 [info] <0.7.0> Application mimetypes started on node 'zotonic001@ub2-virtual-machine'
2016-07-11 18:59:48.680 [info] <0.7.0> Application inets started on node 'zotonic001@ub2-virtual-machine'
2016-07-11 18:59:48.832 [info] <0.7.0> Application asn1 started on node 'zotonic001@ub2-virtual-machine'
2016-07-11 18:59:48.833 [info] <0.7.0> Application public_key started on node 'zotonic001@ub2-virtual-machine'
2016-07-11 18:59:48.975 [info] <0.7.0> Application ssl started on node 'zotonic001@ub2-virtual-machine'
2016-07-11 18:59:49.002 [info] <0.7.0> Application xmerl started on node 'zotonic001@ub2-virtual-machine'
2016-07-11 18:59:49.003 [info] <0.7.0> Application mochiweb started on node 'zotonic001@ub2-virtual-machine'
2016-07-11 18:59:49.177 [info] <0.7.0> Application sendfile started on node 'zotonic001@ub2-virtual-machine'
2016-07-11 18:59:49.346 [info] <0.7.0> Application webzmachine started on node 'zotonic001@ub2-virtual-machine'
2016-07-11 18:59:49.372 [info] <0.7.0> Application z_stdlib started on node 'zotonic001@ub2-virtual-machine'
2016-07-11 18:59:49.785 [info] <0.7.0> Application poolboy started on node 'zotonic001@ub2-virtual-machine'
2016-07-11 18:59:50.810 [info] <0.7.0> Application jobs started on node 'zotonic001@ub2-virtual-machine'
2016-07-11 18:59:50.935 [info] <0.7.0> Application gproc started on node 'zotonic001@ub2-virtual-machine'
2016-07-11 18:59:51.171 [info] <0.205.0> filezcache: repopulating cache with 0 keys
2016-07-11 18:59:51.171 [info] <0.205.0> filezcache: scanning cache directory for unknown files.
2016-07-11 18:59:51.180 [info] <0.7.0> Application filezcache started on node 'zotonic001@ub2-virtual-machine'
2016-07-11 18:59:52.106 [info] <0.7.0> Application s3filez started on node 'zotonic001@ub2-virtual-machine'
2016-07-11 18:59:52.170 [info] <0.7.0> Application erlang_localtime started on node 'zotonic001@ub2-virtual-machine'
2016-07-11 18:59:52.444 [info] <0.7.0> Application cf started on node 'zotonic001@ub2-virtual-machine'
2016-07-11 18:59:52.444 [info] <0.7.0> Application erlware_commons started on node 'zotonic001@ub2-virtual-machine'
2016-07-11 18:59:52.444 [info] <0.7.0> Application qdate started on node 'zotonic001@ub2-virtual-machine'
2016-07-11 18:59:52.781 [info] <0.223.0>@emqtt_app:start:35 starting emqtt on node 'zotonic001@ub2-virtual-machine'
2016-07-11 18:59:53.199 [info] <0.225.0>@emqtt_auth:init:55 emqtt_auth is started
2016-07-11 18:59:53.698 [info] <0.226.0>@emqtt_retained:init:89 emqtt_retained is started.
2016-07-11 18:59:53.819 [info] <0.227.0>@emqtt_router:init:121 emqtt_router is started.
2016-07-11 18:59:53.989 [info] <0.228.0>@emqtt_registry:init:56 emqtt_registry is started.
2016-07-11 18:59:53.992 [info] <0.229.0>@emqtt_client_monitor:init:46 emqtt_client_monitor is started.
2016-07-11 18:59:54.048 [info] <0.223.0>@emqtt_app:start:38 emqtt broker is running now.
2016-07-11 18:59:54.049 [info] <0.7.0> Application emqtt started on node 'zotonic001@ub2-virtual-machine'
2016-07-11 18:59:56.747 [info] <0.240.0> gen_smtp_server starting at 'zotonic001@ub2-virtual-machine'
2016-07-11 18:59:56.756 [info] <0.240.0> gen_smtp_server listening on {127,0,0,1}:2525 via tcp
2016-07-11 19:00:00.520 [info] <0.236.0>@zotonic_sup:init:164 
2016-07-11 19:00:00.520 [info] <0.236.0>@zotonic_sup:init:165 Zotonic started
2016-07-11 19:00:00.520 [info] <0.236.0>@zotonic_sup:init:166 ===============
2016-07-11 19:00:00.520 [info] <0.236.0>@zotonic_sup:init:167 Config files used:
2016-07-11 19:00:00.520 [info] <0.236.0>@zotonic_sup:init:168 - /home/ub2/.zotonic/0/erlang.config
2016-07-11 19:00:00.520 [info] <0.236.0>@zotonic_sup:init:168 - /home/ub2/.zotonic/0/zotonic.config
2016-07-11 19:00:00.520 [info] <0.236.0>@zotonic_sup:init:169 
2016-07-11 19:00:00.520 [info] <0.236.0>@zotonic_sup:init:178 Web server listening on IPv4 any:8000, SSL :8443
2016-07-11 19:00:00.520 [info] <0.236.0>@zotonic_sup:init:185 
2016-07-11 19:00:05.404 [info] <0.243.0>@z_sites_manager:handle_cast:262 Site started: zotonic_status (<0.247.0>)
2016-07-11 19:00:05.404 [info] <0.243.0>@z_sites_manager:handle_cast:262 Site started: mysite (<0.271.0>)
2016-07-11 19:00:05.516 [info] <0.236.0>@zotonic_sup:init:186 http://mysite.dev:8000                         - running
2016-07-11 19:00:06.184 [error] <0.367.0>@z_filewatcher_sup:which_watcher:58 FILEWATCHER: please install fswatch or inotify-tools to automatically load changed files
2016-07-11 19:00:07.913 [info] <0.7.0> Application zotonic started on node 'zotonic001@ub2-virtual-machine'
2016-07-12 20:30:15.877 [info] <0.7.0> Application lager started on node 'zotonic001@ub2-virtual-machine'
2016-07-12 20:30:16.116 [info] <0.7.0> Application setup started on node 'zotonic001@ub2-virtual-machine'
2016-07-12 20:30:16.116 [error] <0.122.0> Unable to read boot script (start_sasl.script): {error,enoent}
2016-07-12 20:30:16.586 [info] <0.131.0>@exometer_report:do_start_reporters:632 Starting reporters with []
2016-07-12 20:30:16.586 [info] <0.7.0> Application exometer_core started on node 'zotonic001@ub2-virtual-machine'
2016-07-12 20:30:16.593 [info] <0.7.0> Application exometer started on node 'zotonic001@ub2-virtual-machine'
2016-07-12 20:30:16.620 [info] <0.7.0> Application depcache started on node 'zotonic001@ub2-virtual-machine'
2016-07-12 20:30:16.682 [info] <0.7.0> Application mimetypes started on node 'zotonic001@ub2-virtual-machine'
2016-07-12 20:30:17.196 [info] <0.7.0> Application inets started on node 'zotonic001@ub2-virtual-machine'
2016-07-12 20:30:17.277 [info] <0.7.0> Application asn1 started on node 'zotonic001@ub2-virtual-machine'
2016-07-12 20:30:17.277 [info] <0.7.0> Application public_key started on node 'zotonic001@ub2-virtual-machine'
2016-07-12 20:30:17.361 [info] <0.7.0> Application ssl started on node 'zotonic001@ub2-virtual-machine'
2016-07-12 20:30:17.460 [info] <0.7.0> Application xmerl started on node 'zotonic001@ub2-virtual-machine'
2016-07-12 20:30:17.461 [info] <0.7.0> Application mochiweb started on node 'zotonic001@ub2-virtual-machine'
2016-07-12 20:30:17.680 [info] <0.7.0> Application sendfile started on node 'zotonic001@ub2-virtual-machine'
2016-07-12 20:30:17.878 [info] <0.7.0> Application webzmachine started on node 'zotonic001@ub2-virtual-machine'
2016-07-12 20:30:17.951 [info] <0.7.0> Application z_stdlib started on node 'zotonic001@ub2-virtual-machine'
2016-07-12 20:30:18.041 [info] <0.7.0> Application poolboy started on node 'zotonic001@ub2-virtual-machine'
2016-07-12 20:30:18.144 [info] <0.7.0> Application jobs started on node 'zotonic001@ub2-virtual-machine'
2016-07-12 20:30:18.294 [info] <0.7.0> Application gproc started on node 'zotonic001@ub2-virtual-machine'
2016-07-12 20:30:18.359 [info] <0.202.0> filezcache: repopulating cache with 0 keys
2016-07-12 20:30:18.359 [info] <0.202.0> filezcache: scanning cache directory for unknown files.
2016-07-12 20:30:18.364 [info] <0.7.0> Application filezcache started on node 'zotonic001@ub2-virtual-machine'
2016-07-12 20:30:18.553 [info] <0.7.0> Application s3filez started on node 'zotonic001@ub2-virtual-machine'
2016-07-12 20:30:18.618 [info] <0.7.0> Application erlang_localtime started on node 'zotonic001@ub2-virtual-machine'
2016-07-12 20:30:18.714 [info] <0.7.0> Application cf started on node 'zotonic001@ub2-virtual-machine'
2016-07-12 20:30:18.714 [info] <0.7.0> Application erlware_commons started on node 'zotonic001@ub2-virtual-machine'
2016-07-12 20:30:18.714 [info] <0.7.0> Application qdate started on node 'zotonic001@ub2-virtual-machine'
2016-07-12 20:30:18.964 [info] <0.220.0>@emqtt_app:start:35 starting emqtt on node 'zotonic001@ub2-virtual-machine'
2016-07-12 20:30:19.134 [info] <0.222.0>@emqtt_auth:init:55 emqtt_auth is started
2016-07-12 20:30:19.168 [info] <0.223.0>@emqtt_retained:init:89 emqtt_retained is started.
2016-07-12 20:30:19.173 [info] <0.224.0>@emqtt_router:init:121 emqtt_router is started.
2016-07-12 20:30:19.183 [info] <0.225.0>@emqtt_registry:init:56 emqtt_registry is started.
2016-07-12 20:30:19.250 [info] <0.226.0>@emqtt_client_monitor:init:46 emqtt_client_monitor is started.
2016-07-12 20:30:19.277 [info] <0.220.0>@emqtt_app:start:38 emqtt broker is running now.
2016-07-12 20:30:19.277 [info] <0.7.0> Application emqtt started on node 'zotonic001@ub2-virtual-machine'
2016-07-12 20:30:21.331 [info] <0.237.0> gen_smtp_server starting at 'zotonic001@ub2-virtual-machine'
2016-07-12 20:30:21.337 [info] <0.237.0> gen_smtp_server listening on {127,0,0,1}:2525 via tcp
2016-07-12 20:30:24.749 [info] <0.233.0>@zotonic_sup:init:164 
2016-07-12 20:30:24.749 [info] <0.233.0>@zotonic_sup:init:165 Zotonic started
2016-07-12 20:30:24.750 [info] <0.233.0>@zotonic_sup:init:166 ===============
2016-07-12 20:30:24.750 [info] <0.233.0>@zotonic_sup:init:167 Config files used:
2016-07-12 20:30:24.750 [info] <0.233.0>@zotonic_sup:init:168 - /home/ub2/.zotonic/0/erlang.config
2016-07-12 20:30:24.750 [info] <0.233.0>@zotonic_sup:init:168 - /home/ub2/.zotonic/0/zotonic.config
2016-07-12 20:30:24.750 [info] <0.233.0>@zotonic_sup:init:169 
2016-07-12 20:30:24.750 [info] <0.233.0>@zotonic_sup:init:178 Web server listening on IPv4 any:8000, SSL :8443
2016-07-12 20:30:24.750 [info] <0.233.0>@zotonic_sup:init:185 
2016-07-12 20:30:32.138 [info] <0.240.0>@z_sites_manager:handle_cast:262 Site started: zotonic_status (<0.244.0>)
2016-07-12 20:30:32.138 [info] <0.240.0>@z_sites_manager:handle_cast:262 Site started: mysite (<0.266.0>)
2016-07-12 20:30:33.087 [error] <0.376.0>@z_filewatcher_sup:which_watcher:58 FILEWATCHER: please install fswatch or inotify-tools to automatically load changed files
2016-07-12 20:30:35.034 [info] <0.7.0> Application zotonic started on node 'zotonic001@ub2-virtual-machine'
